https://download.fedoraproject.org/pub/fedora/linux/releases/40/Cloud/x86_64/images/Fedora-Cloud-Base-Generic.x86_64-40-1.14.qcow2
https://download.fedoraproject.org/pub/fedora/linux/releases/40/Cloud/aarch64/images/Fedora-Cloud-Base-Generic.aarch64-40-1.14.qcow2
https://download.fedoraproject.org/pub/fedora-secondary/releases/40/Cloud/ppc64le/images/Fedora-Cloud-Base-Generic.ppc64le-40-1.14.qcow2
https://download.fedoraproject.org/pub/fedora-secondary/releases/40/Cloud/s390x/images/Fedora-Cloud-Base-Generic.s390x-40-1.14.qcow2

http://cloud-images-archive.ubuntu.com/releases/focal/release-20200423/ubuntu-20.04-server-cloudimg-amd64.img
http://cloud-images-archive.ubuntu.com/releases/focal/release-20200423/ubuntu-20.04-server-cloudimg-arm64.img
http://cloud-images-archive.ubuntu.com/releases/focal/release-20200423/ubuntu-20.04-server-cloudimg-ppc64el.img
http://cloud-images-archive.ubuntu.com/releases/focal/release-20200423/ubuntu-20.04-server-cloudimg-s390x.img

https://cloud-images.ubuntu.com/releases/22.04/release-20221018/ubuntu-22.04-server-cloudimg-amd64.img
https://cloud-images.ubuntu.com/releases/22.04/release-20221018/ubuntu-22.04-server-cloudimg-arm64.img
https://cloud-images.ubuntu.com/releases/22.04/release-20221018/ubuntu-22.04-server-cloudimg-ppc64el.img
https://cloud-images.ubuntu.com/releases/22.04/release-20221018/ubuntu-22.04-server-cloudimg-s390x.img
https://cloud-images.ubuntu.com/releases/22.04/release-20221018/ubuntu-22.04-server-cloudimg-riscv64.img

https://cloud-images.ubuntu.com/releases/24.04/release-20240423/ubuntu-24.04-server-cloudimg-amd64.img
https://cloud-images.ubuntu.com/releases/24.04/release-20240423/ubuntu-24.04-server-cloudimg-arm64.img
https://cloud-images.ubuntu.com/releases/24.04/release-20240423/ubuntu-24.04-server-cloudimg-ppc64el.img
https://cloud-images.ubuntu.com/releases/24.04/release-20240423/ubuntu-24.04-server-cloudimg-s390x.img
https://cloud-images.ubuntu.com/releases/24.04/release-20240423/ubuntu-24.04-server-cloudimg-riscv64.img

https://cloud.debian.org/images/cloud/bookworm/20230531-1397/debian-12-generic-amd64-20230531-1397.qcow2
https://cloud.debian.org/images/cloud/bookworm/20230531-1397/debian-12-generic-arm64-20230531-1397.qcow2
https://cloud.debian.org/images/cloud/bookworm/20230531-1397/debian-12-generic-ppc64el-20230531-1397.qcow2

https://cloud.centos.org/centos/7/images/CentOS-7-x86_64-GenericCloud-2211.qcow2c
https://cloud.centos.org/centos/7/images/CentOS-7-aarch64-GenericCloud-2211.qcow2c
https://cloud.centos.org/centos/7/images/CentOS-7-ppc64le-GenericCloud-2211.qcow2c

https://cloud.centos.org/centos/9-stream/x86_64/images/CentOS-Stream-GenericCloud-9-20230828.0.x86_64.qcow2
https://cloud.centos.org/centos/9-stream/aarch64/images/CentOS-Stream-GenericCloud-9-20230828.0.aarch64.qcow2
https://cloud.centos.org/centos/9-stream/ppc64le/images/CentOS-Stream-GenericCloud-9-20230828.0.ppc64le.qcow2
https://cloud.centos.org/centos/9-stream/s390x/images/CentOS-Stream-GenericCloud-9-20230828.0.s390x.qcow2

https://repo.almalinux.org/almalinux/9/cloud/x86_64/images/AlmaLinux-9-GenericCloud-9.4-20240507.x86_64.qcow2
https://repo.almalinux.org/almalinux/9/cloud/aarch64/images/AlmaLinux-9-GenericCloud-9.4-20240507.aarch64.qcow2
https://repo.almalinux.org/almalinux/9/cloud/ppc64le/images/AlmaLinux-9-GenericCloud-9.4-20240507.ppc64le.qcow2
https://repo.almalinux.org/almalinux/9/cloud/s390x/images/AlmaLinux-9-GenericCloud-9.4-20240507.s390x.qcow2

https://dl.rockylinux.org/pub/rocky/9/images/x86_64/Rocky-9-GenericCloud-Base-9.4-20240509.0.x86_64.qcow2
https://dl.rockylinux.org/pub/rocky/9/images/aarch64/Rocky-9-GenericCloud-Base-9.4-20240509.0.aarch64.qcow2
https://dl.rockylinux.org/pub/rocky/9/images/ppc64le/Rocky-9-GenericCloud-Base-9.4-20240509.0.ppc64le.qcow2
https://dl.rockylinux.org/pub/rocky/9/images/s390x/Rocky-9-GenericCloud-Base-9.3-20231119.0.s390x.qcow2